2025-11-14 20:16:55,371 INFO o.a.j.u.JMeterUtils: Setting Locale to en_EN
2025-11-14 20:16:55,387 INFO o.a.j.JMeter: Loading user properties from: C:\Tools\apache-jmeter-5.6.3\bin\user.properties
2025-11-14 20:16:55,388 INFO o.a.j.JMeter: Loading system properties from: C:\Tools\apache-jmeter-5.6.3\bin\system.properties
2025-11-14 20:16:55,388 INFO o.a.j.JMeter: Loading additional properties from: backend/tests/jmeter/props/local.properties
2025-11-14 20:16:55,397 INFO o.a.j.JMeter: Copyright (c) 1998-2024 The Apache Software Foundation
2025-11-14 20:16:55,397 INFO o.a.j.JMeter: Version 5.6.3
2025-11-14 20:16:55,397 INFO o.a.j.JMeter: java.version=24.0.2
2025-11-14 20:16:55,397 INFO o.a.j.JMeter: java.vm.name=Java HotSpot(TM) 64-Bit Server VM
2025-11-14 20:16:55,397 INFO o.a.j.JMeter: os.name=Windows 11
2025-11-14 20:16:55,397 INFO o.a.j.JMeter: os.arch=amd64
2025-11-14 20:16:55,397 INFO o.a.j.JMeter: os.version=10.0
2025-11-14 20:16:55,397 INFO o.a.j.JMeter: file.encoding=UTF-8
2025-11-14 20:16:55,397 INFO o.a.j.JMeter: java.awt.headless=true
2025-11-14 20:16:55,397 INFO o.a.j.JMeter: Max memory     =1073741824
2025-11-14 20:16:55,397 INFO o.a.j.JMeter: Available Processors =12
2025-11-14 20:16:55,412 INFO o.a.j.JMeter: Default Locale=English (EN)
2025-11-14 20:16:55,413 INFO o.a.j.JMeter: JMeter  Locale=English (EN)
2025-11-14 20:16:55,413 INFO o.a.j.JMeter: JMeterHome=C:\Tools\apache-jmeter-5.6.3
2025-11-14 20:16:55,413 INFO o.a.j.JMeter: user.dir  =C:\Users\Administrador\Documents\teste-software-univas
2025-11-14 20:16:55,413 INFO o.a.j.JMeter: PWD       =C:\Users\Administrador\Documents\teste-software-univas
2025-11-14 20:16:55,415 INFO o.a.j.JMeter: IP: 192.168.190.193 Name: UNI-LABF-7448 FullName: UNI-LABF-7448.fuvs.br
2025-11-14 20:16:55,426 INFO o.a.j.JMeter: Setting property 'jmeter.reportgenerator.outputdir' to:'C:\Users\Administrador\Documents\teste-software-univas\backend\tests\jmeter\reports\tasks'
2025-11-14 20:16:55,429 INFO o.a.j.s.FileServer: Default base='C:\Users\Administrador\Documents\teste-software-univas'
2025-11-14 20:16:55,430 INFO o.a.j.s.FileServer: Set new base='C:\Users\Administrador\Documents\teste-software-univas\backend\tests\jmeter\plans'
2025-11-14 20:16:55,707 INFO o.a.j.s.SaveService: Testplan (JMX) version: 2.2. Testlog (JTL) version: 2.2
2025-11-14 20:16:55,741 INFO o.a.j.s.SaveService: Using SaveService properties version 5.0
2025-11-14 20:16:55,745 INFO o.a.j.s.SaveService: Using SaveService properties file encoding UTF-8
2025-11-14 20:16:55,749 INFO o.a.j.s.SaveService: Loading file: backend\tests\jmeter\plans\tasks.jmx
2025-11-14 20:16:55,797 INFO o.a.j.p.h.s.HTTPSamplerBase: Parser for text/html is org.apache.jmeter.protocol.http.parser.LagartoBasedHtmlParser
2025-11-14 20:16:55,797 INFO o.a.j.p.h.s.HTTPSamplerBase: Parser for application/xhtml+xml is org.apache.jmeter.protocol.http.parser.LagartoBasedHtmlParser
2025-11-14 20:16:55,797 INFO o.a.j.p.h.s.HTTPSamplerBase: Parser for application/xml is org.apache.jmeter.protocol.http.parser.LagartoBasedHtmlParser
2025-11-14 20:16:55,797 INFO o.a.j.p.h.s.HTTPSamplerBase: Parser for text/xml is org.apache.jmeter.protocol.http.parser.LagartoBasedHtmlParser
2025-11-14 20:16:55,797 INFO o.a.j.p.h.s.HTTPSamplerBase: Parser for text/vnd.wap.wml is org.apache.jmeter.protocol.http.parser.RegexpHTMLParser
2025-11-14 20:16:55,797 INFO o.a.j.p.h.s.HTTPSamplerBase: Parser for text/css is org.apache.jmeter.protocol.http.parser.CssParser
2025-11-14 20:16:55,823 INFO o.a.j.JMeter: Creating summariser <summary>
2025-11-14 20:16:55,829 INFO o.a.j.r.d.ReportGenerator: ReportGenerator will use for Parsing the separator: ','
2025-11-14 20:16:55,829 INFO o.a.j.r.d.ReportGenerator: Will generate report at end of test from  results file: backend/tests/jmeter/results/tasks.jtl
2025-11-14 20:16:55,830 INFO o.a.j.r.d.ReportGenerator: Reading report generator properties from: C:\Tools\apache-jmeter-5.6.3\bin\reportgenerator.properties
2025-11-14 20:16:55,830 INFO o.a.j.r.d.ReportGenerator: Merging with JMeter properties
2025-11-14 20:16:55,833 INFO o.a.j.r.c.ReportGeneratorConfiguration: Property 'jmeter.reportgenerator.temp_dir' not found, using default value 'temp' instead.
2025-11-14 20:16:55,836 INFO o.a.j.r.c.ReportGeneratorConfiguration: Property 'jmeter.reportgenerator.apdex_per_transaction' not found, using default value 'null' instead.
2025-11-14 20:16:55,836 INFO o.a.j.r.c.ReportGeneratorConfiguration: apdex_per_transaction is empty, not APDEX per transaction customization
2025-11-14 20:16:55,836 INFO o.a.j.r.c.ReportGeneratorConfiguration: Property 'jmeter.reportgenerator.sample_filter' not found, using default value 'null' instead.
2025-11-14 20:16:55,836 INFO o.a.j.r.c.ReportGeneratorConfiguration: Property 'jmeter.reportgenerator.report_title' not found, using default value 'null' instead.
2025-11-14 20:16:55,836 INFO o.a.j.r.c.ReportGeneratorConfiguration: Property 'jmeter.reportgenerator.start_date' not found, using default value 'null' instead.
2025-11-14 20:16:55,836 INFO o.a.j.r.c.ReportGeneratorConfiguration: Property 'jmeter.reportgenerator.end_date' not found, using default value 'null' instead.
2025-11-14 20:16:55,836 INFO o.a.j.r.c.ReportGeneratorConfiguration: Property 'jmeter.reportgenerator.date_format' not found, using default value 'null' instead.
2025-11-14 20:16:55,837 INFO o.a.j.r.c.ReportGeneratorConfiguration: Will use date range start date: null, end date: null
2025-11-14 20:16:55,840 INFO o.a.j.r.c.ReportGeneratorConfiguration: Property 'jmeter.reportgenerator.graph.totalTPS.exclude_controllers' not found, using default value 'false' instead.
2025-11-14 20:16:55,840 INFO o.a.j.r.c.ReportGeneratorConfiguration: Property 'jmeter.reportgenerator.graph.activeThreadsOverTime.exclude_controllers' not found, using default value 'false' instead.
2025-11-14 20:16:55,840 INFO o.a.j.r.c.ReportGeneratorConfiguration: Property 'jmeter.reportgenerator.graph.timeVsThreads.exclude_controllers' not found, using default value 'false' instead.
2025-11-14 20:16:55,840 INFO o.a.j.r.c.ReportGeneratorConfiguration: Property 'jmeter.reportgenerator.graph.responseTimeDistribution.exclude_controllers' not found, using default value 'false' instead.
2025-11-14 20:16:55,840 INFO o.a.j.r.c.ReportGeneratorConfiguration: Property 'jmeter.reportgenerator.graph.transactionsPerSecond.exclude_controllers' not found, using default value 'false' instead.
2025-11-14 20:16:55,840 INFO o.a.j.r.c.ReportGeneratorConfiguration: Property 'jmeter.reportgenerator.graph.responseTimePercentiles.exclude_controllers' not found, using default value 'false' instead.
2025-11-14 20:16:55,841 INFO o.a.j.r.c.ReportGeneratorConfiguration: Property 'jmeter.reportgenerator.graph.responseTimePercentilesOverTime.exclude_controllers' not found, using default value 'false' instead.
2025-11-14 20:16:55,841 INFO o.a.j.r.c.ReportGeneratorConfiguration: Property 'jmeter.reportgenerator.graph.responseTimesOverTime.exclude_controllers' not found, using default value 'false' instead.
2025-11-14 20:16:55,841 INFO o.a.j.r.c.ReportGeneratorConfiguration: Property 'jmeter.reportgenerator.graph.connectTimeOverTime.exclude_controllers' not found, using default value 'false' instead.
2025-11-14 20:16:55,841 INFO o.a.j.r.c.ReportGeneratorConfiguration: Property 'jmeter.reportgenerator.graph.latenciesOverTime.exclude_controllers' not found, using default value 'false' instead.
2025-11-14 20:16:55,842 INFO o.a.j.r.c.ReportGeneratorConfiguration: Property 'jmeter.reportgenerator.exporter.json.filters_only_sample_series' not found, using default value 'true' instead.
2025-11-14 20:16:55,843 INFO o.a.j.r.c.ReportGeneratorConfiguration: Property 'jmeter.reportgenerator.exporter.json.series_filter' not found, using default value '' instead.
2025-11-14 20:16:55,843 INFO o.a.j.r.c.ReportGeneratorConfiguration: Property 'jmeter.reportgenerator.exporter.json.show_controllers_only' not found, using default value 'false' instead.
2025-11-14 20:16:55,844 INFO o.a.j.r.c.ReportGeneratorConfiguration: Property 'jmeter.reportgenerator.exporter.html.filters_only_sample_series' not found, using default value 'true' instead.
2025-11-14 20:16:55,844 INFO o.a.j.r.c.ReportGeneratorConfiguration: Property 'jmeter.reportgenerator.exporter.html.series_filter' not found, using default value '' instead.
2025-11-14 20:16:55,844 INFO o.a.j.r.c.ReportGeneratorConfiguration: Property 'jmeter.reportgenerator.exporter.html.show_controllers_only' not found, using default value 'false' instead.
2025-11-14 20:16:55,856 INFO o.a.j.e.StandardJMeterEngine: Running the test!
2025-11-14 20:16:55,858 INFO o.a.j.s.SampleEvent: List of sample_variables: []
2025-11-14 20:16:55,858 INFO o.a.j.s.SampleEvent: List of sample_variables: []
2025-11-14 20:16:55,866 INFO o.a.j.e.u.CompoundVariable: Note: Function class names must contain the string: '.functions.'
2025-11-14 20:16:55,866 INFO o.a.j.e.u.CompoundVariable: Note: Function class names must not contain the string: '.gui.'
2025-11-14 20:16:55,937 INFO o.a.j.JMeter: Running test (1763162215937)
2025-11-14 20:16:55,955 INFO o.a.j.e.StandardJMeterEngine: Starting ThreadGroup: 1 : Thread Group
2025-11-14 20:16:55,955 INFO o.a.j.e.StandardJMeterEngine: Starting 200 threads for group Thread Group.
2025-11-14 20:16:55,955 INFO o.a.j.e.StandardJMeterEngine: Thread will continue on error
2025-11-14 20:16:55,956 INFO o.a.j.t.ThreadGroup: Starting thread group... number=1 threads=200 ramp-up=8 delayedStart=false
2025-11-14 20:16:55,965 INFO o.a.j.t.JMeterThread: Thread started: Thread Group 1-1
2025-11-14 20:16:55,989 INFO o.a.j.p.h.s.HTTPHCAbstractImpl: Local host = UNI-LABF-7448
2025-11-14 20:16:56,001 INFO o.a.j.p.h.s.HTTPHC4Impl: HTTP request retry count = 0
2025-11-14 20:16:56,002 INFO o.a.j.t.JMeterThread: Thread started: Thread Group 1-2
2025-11-14 20:16:56,005 INFO o.a.j.s.SampleResult: Note: Sample TimeStamps are START times
2025-11-14 20:16:56,005 INFO o.a.j.s.SampleResult: sampleresult.default.encoding is set to UTF-8
2025-11-14 20:16:56,005 INFO o.a.j.s.SampleResult: sampleresult.useNanoTime=true
2025-11-14 20:16:56,005 INFO o.a.j.s.SampleResult: sampleresult.nanoThreadSleep=5000
2025-11-14 20:16:56,034 INFO o.a.j.t.ThreadGroup: Started thread group number 1
2025-11-14 20:16:56,036 INFO o.a.j.e.StandardJMeterEngine: All thread groups have been started
2025-11-14 20:16:56,041 INFO o.a.j.t.JMeterThread: Thread started: Thread Group 1-3
2025-11-14 20:16:56,080 INFO o.a.j.t.JMeterThread: Thread started: Thread Group 1-4
2025-11-14 20:16:56,120 INFO o.a.j.t.JMeterThread: Thread started: Thread Group 1-5
2025-11-14 20:16:56,159 INFO o.a.j.t.JMeterThread: Thread started: Thread Group 1-6
2025-11-14 20:16:56,198 INFO o.a.j.t.JMeterThread: Thread started: Thread Group 1-7
2025-11-14 20:16:56,239 INFO o.a.j.t.JMeterThread: Thread started: Thread Group 1-8
2025-11-14 20:16:56,256 INFO o.a.j.t.JMeterThread: Thread is done: Thread Group 1-6
2025-11-14 20:16:56,256 INFO o.a.j.t.JMeterThread: Thread is done: Thread Group 1-7
2025-11-14 20:16:56,257 INFO o.a.j.t.JMeterThread: Thread finished: Thread Group 1-6
2025-11-14 20:16:56,257 INFO o.a.j.t.JMeterThread: Thread is done: Thread Group 1-4
2025-11-14 20:16:56,256 INFO o.a.j.t.JMeterThread: Thread is done: Thread Group 1-5
2025-11-14 20:16:56,256 INFO o.a.j.t.JMeterThread: Thread is done: Thread Group 1-1
2025-11-14 20:16:56,257 INFO o.a.j.t.JMeterThread: Thread finished: Thread Group 1-4
2025-11-14 20:16:56,257 INFO o.a.j.t.JMeterThread: Thread is done: Thread Group 1-8
2025-11-14 20:16:56,257 INFO o.a.j.t.JMeterThread: Thread finished: Thread Group 1-1
2025-11-14 20:16:56,257 INFO o.a.j.t.JMeterThread: Thread finished: Thread Group 1-8
2025-11-14 20:16:56,257 INFO o.a.j.t.JMeterThread: Thread is done: Thread Group 1-3
2025-11-14 20:16:56,257 INFO o.a.j.t.JMeterThread: Thread is done: Thread Group 1-2
2025-11-14 20:16:56,257 INFO o.a.j.t.JMeterThread: Thread finished: Thread Group 1-3
2025-11-14 20:16:56,257 INFO o.a.j.t.JMeterThread: Thread finished: Thread Group 1-2
2025-11-14 20:16:56,257 INFO o.a.j.t.JMeterThread: Thread finished: Thread Group 1-7
2025-11-14 20:16:56,257 INFO o.a.j.t.JMeterThread: Thread finished: Thread Group 1-5
2025-11-14 20:16:56,278 INFO o.a.j.t.JMeterThread: Thread started: Thread Group 1-9
2025-11-14 20:16:56,288 INFO o.a.j.t.JMeterThread: Thread is done: Thread Group 1-9
2025-11-14 20:16:56,288 INFO o.a.j.t.JMeterThread: Thread finished: Thread Group 1-9
2025-11-14 20:16:56,318 INFO o.a.j.t.JMeterThread: Thread started: Thread Group 1-10
2025-11-14 20:16:56,335 INFO o.a.j.t.JMeterThread: Thread is done: Thread Group 1-10
2025-11-14 20:16:56,335 INFO o.a.j.t.JMeterThread: Thread finished: Thread Group 1-10
2025-11-14 20:16:56,357 INFO o.a.j.t.JMeterThread: Thread started: Thread Group 1-11
2025-11-14 20:16:56,372 INFO o.a.j.t.JMeterThread: Thread is done: Thread Group 1-11
2025-11-14 20:16:56,372 INFO o.a.j.t.JMeterThread: Thread finished: Thread Group 1-11
2025-11-14 20:16:56,398 INFO o.a.j.t.JMeterThread: Thread started: Thread Group 1-12
2025-11-14 20:16:56,414 INFO o.a.j.t.JMeterThread: Thread is done: Thread Group 1-12
2025-11-14 20:16:56,414 INFO o.a.j.t.JMeterThread: Thread finished: Thread Group 1-12
2025-11-14 20:16:56,438 INFO o.a.j.t.JMeterThread: Thread started: Thread Group 1-13
2025-11-14 20:16:56,451 INFO o.a.j.t.JMeterThread: Thread is done: Thread Group 1-13
2025-11-14 20:16:56,451 INFO o.a.j.t.JMeterThread: Thread finished: Thread Group 1-13
2025-11-14 20:16:56,477 INFO o.a.j.t.JMeterThread: Thread started: Thread Group 1-14
2025-11-14 20:16:56,491 INFO o.a.j.t.JMeterThread: Thread is done: Thread Group 1-14
2025-11-14 20:16:56,492 INFO o.a.j.t.JMeterThread: Thread finished: Thread Group 1-14
2025-11-14 20:16:56,517 INFO o.a.j.t.JMeterThread: Thread started: Thread Group 1-15
2025-11-14 20:16:56,530 INFO o.a.j.t.JMeterThread: Thread is done: Thread Group 1-15
2025-11-14 20:16:56,530 INFO o.a.j.t.JMeterThread: Thread finished: Thread Group 1-15
2025-11-14 20:16:56,558 INFO o.a.j.t.JMeterThread: Thread started: Thread Group 1-16
2025-11-14 20:16:56,567 INFO o.a.j.t.JMeterThread: Thread is done: Thread Group 1-16
2025-11-14 20:16:56,567 INFO o.a.j.t.JMeterThread: Thread finished: Thread Group 1-16
2025-11-14 20:16:56,598 INFO o.a.j.t.JMeterThread: Thread started: Thread Group 1-17
2025-11-14 20:16:56,614 INFO o.a.j.t.JMeterThread: Thread is done: Thread Group 1-17
2025-11-14 20:16:56,614 INFO o.a.j.t.JMeterThread: Thread finished: Thread Group 1-17
2025-11-14 20:16:56,637 INFO o.a.j.t.JMeterThread: Thread started: Thread Group 1-18
2025-11-14 20:16:56,650 INFO o.a.j.t.JMeterThread: Thread is done: Thread Group 1-18
2025-11-14 20:16:56,650 INFO o.a.j.t.JMeterThread: Thread finished: Thread Group 1-18
2025-11-14 20:16:56,677 INFO o.a.j.t.JMeterThread: Thread started: Thread Group 1-19
2025-11-14 20:16:56,684 INFO o.a.j.t.JMeterThread: Thread is done: Thread Group 1-19
2025-11-14 20:16:56,684 INFO o.a.j.t.JMeterThread: Thread finished: Thread Group 1-19
2025-11-14 20:16:56,717 INFO o.a.j.t.JMeterThread: Thread started: Thread Group 1-20
2025-11-14 20:16:56,728 INFO o.a.j.t.JMeterThread: Thread is done: Thread Group 1-20
2025-11-14 20:16:56,728 INFO o.a.j.t.JMeterThread: Thread finished: Thread Group 1-20
2025-11-14 20:16:56,756 INFO o.a.j.t.JMeterThread: Thread started: Thread Group 1-21
2025-11-14 20:16:56,772 INFO o.a.j.t.JMeterThread: Thread is done: Thread Group 1-21
2025-11-14 20:16:56,772 INFO o.a.j.t.JMeterThread: Thread finished: Thread Group 1-21
2025-11-14 20:16:56,798 INFO o.a.j.t.JMeterThread: Thread started: Thread Group 1-22
2025-11-14 20:16:56,811 INFO o.a.j.t.JMeterThread: Thread is done: Thread Group 1-22
2025-11-14 20:16:56,811 INFO o.a.j.t.JMeterThread: Thread finished: Thread Group 1-22
2025-11-14 20:16:56,838 INFO o.a.j.t.JMeterThread: Thread started: Thread Group 1-23
2025-11-14 20:16:56,852 INFO o.a.j.t.JMeterThread: Thread is done: Thread Group 1-23
2025-11-14 20:16:56,852 INFO o.a.j.t.JMeterThread: Thread finished: Thread Group 1-23
2025-11-14 20:16:56,877 INFO o.a.j.t.JMeterThread: Thread started: Thread Group 1-24
2025-11-14 20:16:56,887 INFO o.a.j.t.JMeterThread: Thread is done: Thread Group 1-24
2025-11-14 20:16:56,887 INFO o.a.j.t.JMeterThread: Thread finished: Thread Group 1-24
2025-11-14 20:16:56,918 INFO o.a.j.t.JMeterThread: Thread started: Thread Group 1-25
2025-11-14 20:16:56,932 INFO o.a.j.t.JMeterThread: Thread is done: Thread Group 1-25
2025-11-14 20:16:56,932 INFO o.a.j.t.JMeterThread: Thread finished: Thread Group 1-25
2025-11-14 20:16:56,957 INFO o.a.j.t.JMeterThread: Thread started: Thread Group 1-26
2025-11-14 20:16:56,972 INFO o.a.j.t.JMeterThread: Thread is done: Thread Group 1-26
2025-11-14 20:16:56,973 INFO o.a.j.t.JMeterThread: Thread finished: Thread Group 1-26
2025-11-14 20:16:56,997 INFO o.a.j.t.JMeterThread: Thread started: Thread Group 1-27
2025-11-14 20:16:57,013 INFO o.a.j.t.JMeterThread: Thread is done: Thread Group 1-27
2025-11-14 20:16:57,014 INFO o.a.j.t.JMeterThread: Thread finished: Thread Group 1-27
2025-11-14 20:16:57,037 INFO o.a.j.t.JMeterThread: Thread started: Thread Group 1-28
2025-11-14 20:16:57,055 INFO o.a.j.t.JMeterThread: Thread is done: Thread Group 1-28
2025-11-14 20:16:57,055 INFO o.a.j.t.JMeterThread: Thread finished: Thread Group 1-28
2025-11-14 20:16:57,077 INFO o.a.j.t.JMeterThread: Thread started: Thread Group 1-29
2025-11-14 20:16:57,089 INFO o.a.j.t.JMeterThread: Thread is done: Thread Group 1-29
2025-11-14 20:16:57,089 INFO o.a.j.t.JMeterThread: Thread finished: Thread Group 1-29
2025-11-14 20:16:57,117 INFO o.a.j.t.JMeterThread: Thread started: Thread Group 1-30
2025-11-14 20:16:57,129 INFO o.a.j.t.JMeterThread: Thread is done: Thread Group 1-30
2025-11-14 20:16:57,129 INFO o.a.j.t.JMeterThread: Thread finished: Thread Group 1-30
2025-11-14 20:16:57,158 INFO o.a.j.t.JMeterThread: Thread started: Thread Group 1-31
2025-11-14 20:16:57,171 INFO o.a.j.t.JMeterThread: Thread is done: Thread Group 1-31
2025-11-14 20:16:57,171 INFO o.a.j.t.JMeterThread: Thread finished: Thread Group 1-31
2025-11-14 20:16:57,197 INFO o.a.j.t.JMeterThread: Thread started: Thread Group 1-32
2025-11-14 20:16:57,207 INFO o.a.j.t.JMeterThread: Thread is done: Thread Group 1-32
2025-11-14 20:16:57,207 INFO o.a.j.t.JMeterThread: Thread finished: Thread Group 1-32
2025-11-14 20:16:57,237 INFO o.a.j.t.JMeterThread: Thread started: Thread Group 1-33
2025-11-14 20:16:57,245 INFO o.a.j.t.JMeterThread: Thread is done: Thread Group 1-33
2025-11-14 20:16:57,245 INFO o.a.j.t.JMeterThread: Thread finished: Thread Group 1-33
2025-11-14 20:16:57,278 INFO o.a.j.t.JMeterThread: Thread started: Thread Group 1-34
2025-11-14 20:16:57,293 INFO o.a.j.t.JMeterThread: Thread is done: Thread Group 1-34
2025-11-14 20:16:57,293 INFO o.a.j.t.JMeterThread: Thread finished: Thread Group 1-34
2025-11-14 20:16:57,318 INFO o.a.j.t.JMeterThread: Thread started: Thread Group 1-35
2025-11-14 20:16:57,328 INFO o.a.j.t.JMeterThread: Thread is done: Thread Group 1-35
2025-11-14 20:16:57,328 INFO o.a.j.t.JMeterThread: Thread finished: Thread Group 1-35
2025-11-14 20:16:57,357 INFO o.a.j.t.JMeterThread: Thread started: Thread Group 1-36
2025-11-14 20:16:57,372 INFO o.a.j.t.JMeterThread: Thread is done: Thread Group 1-36
2025-11-14 20:16:57,372 INFO o.a.j.t.JMeterThread: Thread finished: Thread Group 1-36
2025-11-14 20:16:57,396 INFO o.a.j.t.JMeterThread: Thread started: Thread Group 1-37
2025-11-14 20:16:57,414 INFO o.a.j.t.JMeterThread: Thread is done: Thread Group 1-37
2025-11-14 20:16:57,414 INFO o.a.j.t.JMeterThread: Thread finished: Thread Group 1-37
2025-11-14 20:16:57,438 INFO o.a.j.t.JMeterThread: Thread started: Thread Group 1-38
2025-11-14 20:16:57,453 INFO o.a.j.t.JMeterThread: Thread is done: Thread Group 1-38
2025-11-14 20:16:57,454 INFO o.a.j.t.JMeterThread: Thread finished: Thread Group 1-38
2025-11-14 20:16:57,477 INFO o.a.j.t.JMeterThread: Thread started: Thread Group 1-39
2025-11-14 20:16:57,491 INFO o.a.j.t.JMeterThread: Thread is done: Thread Group 1-39
2025-11-14 20:16:57,491 INFO o.a.j.t.JMeterThread: Thread finished: Thread Group 1-39
2025-11-14 20:16:57,517 INFO o.a.j.t.JMeterThread: Thread started: Thread Group 1-40
2025-11-14 20:16:57,533 INFO o.a.j.t.JMeterThread: Thread is done: Thread Group 1-40
2025-11-14 20:16:57,533 INFO o.a.j.t.JMeterThread: Thread finished: Thread Group 1-40
2025-11-14 20:16:57,557 INFO o.a.j.t.JMeterThread: Thread started: Thread Group 1-41
2025-11-14 20:16:57,569 INFO o.a.j.t.JMeterThread: Thread is done: Thread Group 1-41
2025-11-14 20:16:57,569 INFO o.a.j.t.JMeterThread: Thread finished: Thread Group 1-41
2025-11-14 20:16:57,599 INFO o.a.j.t.JMeterThread: Thread started: Thread Group 1-42
2025-11-14 20:16:57,615 INFO o.a.j.t.JMeterThread: Thread is done: Thread Group 1-42
2025-11-14 20:16:57,615 INFO o.a.j.t.JMeterThread: Thread finished: Thread Group 1-42
2025-11-14 20:16:57,637 INFO o.a.j.t.JMeterThread: Thread started: Thread Group 1-43
2025-11-14 20:16:57,645 INFO o.a.j.t.JMeterThread: Thread is done: Thread Group 1-43
2025-11-14 20:16:57,645 INFO o.a.j.t.JMeterThread: Thread finished: Thread Group 1-43
2025-11-14 20:16:57,677 INFO o.a.j.t.JMeterThread: Thread started: Thread Group 1-44
2025-11-14 20:16:57,693 INFO o.a.j.t.JMeterThread: Thread is done: Thread Group 1-44
2025-11-14 20:16:57,693 INFO o.a.j.t.JMeterThread: Thread finished: Thread Group 1-44
2025-11-14 20:16:57,718 INFO o.a.j.t.JMeterThread: Thread started: Thread Group 1-45
2025-11-14 20:16:57,732 INFO o.a.j.t.JMeterThread: Thread is done: Thread Group 1-45
2025-11-14 20:16:57,732 INFO o.a.j.t.JMeterThread: Thread finished: Thread Group 1-45
2025-11-14 20:16:57,758 INFO o.a.j.t.JMeterThread: Thread started: Thread Group 1-46
2025-11-14 20:16:57,775 INFO o.a.j.t.JMeterThread: Thread is done: Thread Group 1-46
2025-11-14 20:16:57,775 INFO o.a.j.t.JMeterThread: Thread finished: Thread Group 1-46
2025-11-14 20:16:57,798 INFO o.a.j.t.JMeterThread: Thread started: Thread Group 1-47
2025-11-14 20:16:57,814 INFO o.a.j.t.JMeterThread: Thread is done: Thread Group 1-47
2025-11-14 20:16:57,814 INFO o.a.j.t.JMeterThread: Thread finished: Thread Group 1-47
2025-11-14 20:16:57,837 INFO o.a.j.t.JMeterThread: Thread started: Thread Group 1-48
2025-11-14 20:16:57,851 INFO o.a.j.t.JMeterThread: Thread is done: Thread Group 1-48
2025-11-14 20:16:57,851 INFO o.a.j.t.JMeterThread: Thread finished: Thread Group 1-48
2025-11-14 20:16:57,877 INFO o.a.j.t.JMeterThread: Thread started: Thread Group 1-49
2025-11-14 20:16:57,895 INFO o.a.j.t.JMeterThread: Thread is done: Thread Group 1-49
2025-11-14 20:16:57,895 INFO o.a.j.t.JMeterThread: Thread finished: Thread Group 1-49
2025-11-14 20:16:57,918 INFO o.a.j.t.JMeterThread: Thread started: Thread Group 1-50
2025-11-14 20:16:57,943 INFO o.a.j.t.JMeterThread: Thread is done: Thread Group 1-50
2025-11-14 20:16:57,943 INFO o.a.j.t.JMeterThread: Thread finished: Thread Group 1-50
2025-11-14 20:16:57,958 INFO o.a.j.t.JMeterThread: Thread started: Thread Group 1-51
2025-11-14 20:16:57,966 INFO o.a.j.t.JMeterThread: Thread is done: Thread Group 1-51
2025-11-14 20:16:57,966 INFO o.a.j.t.JMeterThread: Thread finished: Thread Group 1-51
2025-11-14 20:16:57,998 INFO o.a.j.t.JMeterThread: Thread started: Thread Group 1-52
2025-11-14 20:16:58,007 INFO o.a.j.t.JMeterThread: Thread is done: Thread Group 1-52
2025-11-14 20:16:58,007 INFO o.a.j.t.JMeterThread: Thread finished: Thread Group 1-52
2025-11-14 20:16:58,037 INFO o.a.j.t.JMeterThread: Thread started: Thread Group 1-53
2025-11-14 20:16:58,046 INFO o.a.j.t.JMeterThread: Thread is done: Thread Group 1-53
2025-11-14 20:16:58,046 INFO o.a.j.t.JMeterThread: Thread finished: Thread Group 1-53
2025-11-14 20:16:58,076 INFO o.a.j.t.JMeterThread: Thread started: Thread Group 1-54
2025-11-14 20:16:58,089 INFO o.a.j.t.JMeterThread: Thread is done: Thread Group 1-54
2025-11-14 20:16:58,089 INFO o.a.j.t.JMeterThread: Thread finished: Thread Group 1-54
2025-11-14 20:16:58,116 INFO o.a.j.t.JMeterThread: Thread started: Thread Group 1-55
2025-11-14 20:16:58,130 INFO o.a.j.t.JMeterThread: Thread is done: Thread Group 1-55
2025-11-14 20:16:58,130 INFO o.a.j.t.JMeterThread: Thread finished: Thread Group 1-55
2025-11-14 20:16:58,158 INFO o.a.j.t.JMeterThread: Thread started: Thread Group 1-56
2025-11-14 20:16:58,172 INFO o.a.j.t.JMeterThread: Thread is done: Thread Group 1-56
2025-11-14 20:16:58,173 INFO o.a.j.t.JMeterThread: Thread finished: Thread Group 1-56
2025-11-14 20:16:58,197 INFO o.a.j.t.JMeterThread: Thread started: Thread Group 1-57
2025-11-14 20:16:58,214 INFO o.a.j.t.JMeterThread: Thread is done: Thread Group 1-57
2025-11-14 20:16:58,215 INFO o.a.j.t.JMeterThread: Thread finished: Thread Group 1-57
2025-11-14 20:16:58,237 INFO o.a.j.t.JMeterThread: Thread started: Thread Group 1-58
2025-11-14 20:16:58,246 INFO o.a.j.t.JMeterThread: Thread is done: Thread Group 1-58
2025-11-14 20:16:58,247 INFO o.a.j.t.JMeterThread: Thread finished: Thread Group 1-58
2025-11-14 20:16:58,276 INFO o.a.j.t.JMeterThread: Thread started: Thread Group 1-59
2025-11-14 20:16:58,285 INFO o.a.j.t.JMeterThread: Thread is done: Thread Group 1-59
2025-11-14 20:16:58,285 INFO o.a.j.t.JMeterThread: Thread finished: Thread Group 1-59
2025-11-14 20:16:58,316 INFO o.a.j.t.JMeterThread: Thread started: Thread Group 1-60
2025-11-14 20:16:58,330 INFO o.a.j.t.JMeterThread: Thread is done: Thread Group 1-60
2025-11-14 20:16:58,330 INFO o.a.j.t.JMeterThread: Thread finished: Thread Group 1-60
2025-11-14 20:16:58,357 INFO o.a.j.t.JMeterThread: Thread started: Thread Group 1-61
2025-11-14 20:16:58,373 INFO o.a.j.t.JMeterThread: Thread is done: Thread Group 1-61
2025-11-14 20:16:58,373 INFO o.a.j.t.JMeterThread: Thread finished: Thread Group 1-61
2025-11-14 20:16:58,397 INFO o.a.j.t.JMeterThread: Thread started: Thread Group 1-62
2025-11-14 20:16:58,415 INFO o.a.j.t.JMeterThread: Thread is done: Thread Group 1-62
2025-11-14 20:16:58,415 INFO o.a.j.t.JMeterThread: Thread finished: Thread Group 1-62
2025-11-14 20:16:58,438 INFO o.a.j.t.JMeterThread: Thread started: Thread Group 1-63
2025-11-14 20:16:58,453 INFO o.a.j.t.JMeterThread: Thread is done: Thread Group 1-63
2025-11-14 20:16:58,453 INFO o.a.j.t.JMeterThread: Thread finished: Thread Group 1-63
2025-11-14 20:16:58,478 INFO o.a.j.t.JMeterThread: Thread started: Thread Group 1-64
2025-11-14 20:16:58,494 INFO o.a.j.t.JMeterThread: Thread is done: Thread Group 1-64
2025-11-14 20:16:58,494 INFO o.a.j.t.JMeterThread: Thread finished: Thread Group 1-64
2025-11-14 20:16:58,517 INFO o.a.j.t.JMeterThread: Thread started: Thread Group 1-65
2025-11-14 20:16:58,531 INFO o.a.j.t.JMeterThread: Thread is done: Thread Group 1-65
2025-11-14 20:16:58,531 INFO o.a.j.t.JMeterThread: Thread finished: Thread Group 1-65
2025-11-14 20:16:58,557 INFO o.a.j.t.JMeterThread: Thread started: Thread Group 1-66
2025-11-14 20:16:58,574 INFO o.a.j.t.JMeterThread: Thread is done: Thread Group 1-66
2025-11-14 20:16:58,574 INFO o.a.j.t.JMeterThread: Thread finished: Thread Group 1-66
2025-11-14 20:16:58,596 INFO o.a.j.t.JMeterThread: Thread started: Thread Group 1-67
2025-11-14 20:16:58,613 INFO o.a.j.t.JMeterThread: Thread is done: Thread Group 1-67
2025-11-14 20:16:58,613 INFO o.a.j.t.JMeterThread: Thread finished: Thread Group 1-67
2025-11-14 20:16:58,637 INFO o.a.j.t.JMeterThread: Thread started: Thread Group 1-68
2025-11-14 20:16:58,652 INFO o.a.j.t.JMeterThread: Thread is done: Thread Group 1-68
2025-11-14 20:16:58,652 INFO o.a.j.t.JMeterThread: Thread finished: Thread Group 1-68
2025-11-14 20:16:58,677 INFO o.a.j.t.JMeterThread: Thread started: Thread Group 1-69
2025-11-14 20:16:58,690 INFO o.a.j.t.JMeterThread: Thread is done: Thread Group 1-69
2025-11-14 20:16:58,691 INFO o.a.j.t.JMeterThread: Thread finished: Thread Group 1-69
2025-11-14 20:16:58,716 INFO o.a.j.t.JMeterThread: Thread started: Thread Group 1-70
2025-11-14 20:16:58,736 INFO o.a.j.t.JMeterThread: Thread is done: Thread Group 1-70
2025-11-14 20:16:58,736 INFO o.a.j.t.JMeterThread: Thread finished: Thread Group 1-70
2025-11-14 20:16:58,757 INFO o.a.j.t.JMeterThread: Thread started: Thread Group 1-71
2025-11-14 20:16:58,771 INFO o.a.j.t.JMeterThread: Thread is done: Thread Group 1-71
2025-11-14 20:16:58,771 INFO o.a.j.t.JMeterThread: Thread finished: Thread Group 1-71
2025-11-14 20:16:58,797 INFO o.a.j.t.JMeterThread: Thread started: Thread Group 1-72
2025-11-14 20:16:58,806 INFO o.a.j.t.JMeterThread: Thread is done: Thread Group 1-72
2025-11-14 20:16:58,807 INFO o.a.j.t.JMeterThread: Thread finished: Thread Group 1-72
2025-11-14 20:16:58,836 INFO o.a.j.t.JMeterThread: Thread started: Thread Group 1-73
2025-11-14 20:16:58,847 INFO o.a.j.t.JMeterThread: Thread is done: Thread Group 1-73
2025-11-14 20:16:58,847 INFO o.a.j.t.JMeterThread: Thread finished: Thread Group 1-73
2025-11-14 20:16:58,877 INFO o.a.j.t.JMeterThread: Thread started: Thread Group 1-74
2025-11-14 20:16:58,887 INFO o.a.j.t.JMeterThread: Thread is done: Thread Group 1-74
2025-11-14 20:16:58,887 INFO o.a.j.t.JMeterThread: Thread finished: Thread Group 1-74
2025-11-14 20:16:58,916 INFO o.a.j.t.JMeterThread: Thread started: Thread Group 1-75
2025-11-14 20:16:58,925 INFO o.a.j.t.JMeterThread: Thread is done: Thread Group 1-75
2025-11-14 20:16:58,925 INFO o.a.j.t.JMeterThread: Thread finished: Thread Group 1-75
2025-11-14 20:16:58,958 INFO o.a.j.t.JMeterThread: Thread started: Thread Group 1-76
2025-11-14 20:16:58,973 INFO o.a.j.t.JMeterThread: Thread is done: Thread Group 1-76
2025-11-14 20:16:58,974 INFO o.a.j.t.JMeterThread: Thread finished: Thread Group 1-76
2025-11-14 20:16:58,998 INFO o.a.j.t.JMeterThread: Thread started: Thread Group 1-77
2025-11-14 20:16:59,014 INFO o.a.j.t.JMeterThread: Thread is done: Thread Group 1-77
2025-11-14 20:16:59,015 INFO o.a.j.t.JMeterThread: Thread finished: Thread Group 1-77
2025-11-14 20:16:59,038 INFO o.a.j.t.JMeterThread: Thread started: Thread Group 1-78
2025-11-14 20:16:59,051 INFO o.a.j.t.JMeterThread: Thread is done: Thread Group 1-78
2025-11-14 20:16:59,051 INFO o.a.j.t.JMeterThread: Thread finished: Thread Group 1-78
2025-11-14 20:16:59,077 INFO o.a.j.t.JMeterThread: Thread started: Thread Group 1-79
2025-11-14 20:16:59,090 INFO o.a.j.t.JMeterThread: Thread is done: Thread Group 1-79
2025-11-14 20:16:59,090 INFO o.a.j.t.JMeterThread: Thread finished: Thread Group 1-79
2025-11-14 20:16:59,116 INFO o.a.j.t.JMeterThread: Thread started: Thread Group 1-80
2025-11-14 20:16:59,125 INFO o.a.j.t.JMeterThread: Thread is done: Thread Group 1-80
2025-11-14 20:16:59,125 INFO o.a.j.t.JMeterThread: Thread finished: Thread Group 1-80
2025-11-14 20:16:59,156 INFO o.a.j.t.JMeterThread: Thread started: Thread Group 1-81
2025-11-14 20:16:59,172 INFO o.a.j.t.JMeterThread: Thread is done: Thread Group 1-81
2025-11-14 20:16:59,172 INFO o.a.j.t.JMeterThread: Thread finished: Thread Group 1-81
2025-11-14 20:16:59,197 INFO o.a.j.t.JMeterThread: Thread started: Thread Group 1-82
2025-11-14 20:16:59,212 INFO o.a.j.t.JMeterThread: Thread is done: Thread Group 1-82
2025-11-14 20:16:59,212 INFO o.a.j.t.JMeterThread: Thread finished: Thread Group 1-82
2025-11-14 20:16:59,237 INFO o.a.j.t.JMeterThread: Thread started: Thread Group 1-83
2025-11-14 20:16:59,252 INFO o.a.j.t.JMeterThread: Thread is done: Thread Group 1-83
2025-11-14 20:16:59,252 INFO o.a.j.t.JMeterThread: Thread finished: Thread Group 1-83
2025-11-14 20:16:59,278 INFO o.a.j.t.JMeterThread: Thread started: Thread Group 1-84
2025-11-14 20:16:59,294 INFO o.a.j.t.JMeterThread: Thread is done: Thread Group 1-84
2025-11-14 20:16:59,294 INFO o.a.j.t.JMeterThread: Thread finished: Thread Group 1-84
2025-11-14 20:16:59,317 INFO o.a.j.t.JMeterThread: Thread started: Thread Group 1-85
2025-11-14 20:16:59,333 INFO o.a.j.t.JMeterThread: Thread is done: Thread Group 1-85
2025-11-14 20:16:59,333 INFO o.a.j.t.JMeterThread: Thread finished: Thread Group 1-85
2025-11-14 20:16:59,359 INFO o.a.j.t.JMeterThread: Thread started: Thread Group 1-86
2025-11-14 20:16:59,378 INFO o.a.j.t.JMeterThread: Thread is done: Thread Group 1-86
2025-11-14 20:16:59,378 INFO o.a.j.t.JMeterThread: Thread finished: Thread Group 1-86
2025-11-14 20:16:59,396 INFO o.a.j.t.JMeterThread: Thread started: Thread Group 1-87
2025-11-14 20:16:59,406 INFO o.a.j.t.JMeterThread: Thread is done: Thread Group 1-87
2025-11-14 20:16:59,406 INFO o.a.j.t.JMeterThread: Thread finished: Thread Group 1-87
2025-11-14 20:16:59,445 INFO o.a.j.t.JMeterThread: Thread started: Thread Group 1-88
2025-11-14 20:16:59,454 INFO o.a.j.t.JMeterThread: Thread is done: Thread Group 1-88
2025-11-14 20:16:59,454 INFO o.a.j.t.JMeterThread: Thread finished: Thread Group 1-88
2025-11-14 20:16:59,476 INFO o.a.j.t.JMeterThread: Thread started: Thread Group 1-89
2025-11-14 20:16:59,488 INFO o.a.j.t.JMeterThread: Thread is done: Thread Group 1-89
2025-11-14 20:16:59,488 INFO o.a.j.t.JMeterThread: Thread finished: Thread Group 1-89
2025-11-14 20:16:59,517 INFO o.a.j.t.JMeterThread: Thread started: Thread Group 1-90
2025-11-14 20:16:59,531 INFO o.a.j.t.JMeterThread: Thread is done: Thread Group 1-90
2025-11-14 20:16:59,531 INFO o.a.j.t.JMeterThread: Thread finished: Thread Group 1-90
2025-11-14 20:16:59,557 INFO o.a.j.t.JMeterThread: Thread started: Thread Group 1-91
2025-11-14 20:16:59,572 INFO o.a.j.t.JMeterThread: Thread is done: Thread Group 1-91
2025-11-14 20:16:59,572 INFO o.a.j.t.JMeterThread: Thread finished: Thread Group 1-91
2025-11-14 20:16:59,597 INFO o.a.j.t.JMeterThread: Thread started: Thread Group 1-92
2025-11-14 20:16:59,614 INFO o.a.j.t.JMeterThread: Thread is done: Thread Group 1-92
2025-11-14 20:16:59,614 INFO o.a.j.t.JMeterThread: Thread finished: Thread Group 1-92
2025-11-14 20:16:59,637 INFO o.a.j.t.JMeterThread: Thread started: Thread Group 1-93
2025-11-14 20:16:59,653 INFO o.a.j.t.JMeterThread: Thread is done: Thread Group 1-93
2025-11-14 20:16:59,653 INFO o.a.j.t.JMeterThread: Thread finished: Thread Group 1-93
2025-11-14 20:16:59,677 INFO o.a.j.t.JMeterThread: Thread started: Thread Group 1-94
2025-11-14 20:16:59,693 INFO o.a.j.t.JMeterThread: Thread is done: Thread Group 1-94
2025-11-14 20:16:59,693 INFO o.a.j.t.JMeterThread: Thread finished: Thread Group 1-94
2025-11-14 20:16:59,717 INFO o.a.j.t.JMeterThread: Thread started: Thread Group 1-95
2025-11-14 20:16:59,732 INFO o.a.j.t.JMeterThread: Thread is done: Thread Group 1-95
2025-11-14 20:16:59,732 INFO o.a.j.t.JMeterThread: Thread finished: Thread Group 1-95
2025-11-14 20:16:59,757 INFO o.a.j.t.JMeterThread: Thread started: Thread Group 1-96
2025-11-14 20:16:59,772 INFO o.a.j.t.JMeterThread: Thread is done: Thread Group 1-96
2025-11-14 20:16:59,772 INFO o.a.j.t.JMeterThread: Thread finished: Thread Group 1-96
2025-11-14 20:16:59,797 INFO o.a.j.t.JMeterThread: Thread started: Thread Group 1-97
2025-11-14 20:16:59,813 INFO o.a.j.t.JMeterThread: Thread is done: Thread Group 1-97
2025-11-14 20:16:59,813 INFO o.a.j.t.JMeterThread: Thread finished: Thread Group 1-97
2025-11-14 20:16:59,837 INFO o.a.j.t.JMeterThread: Thread started: Thread Group 1-98
2025-11-14 20:16:59,853 INFO o.a.j.t.JMeterThread: Thread is done: Thread Group 1-98
2025-11-14 20:16:59,853 INFO o.a.j.t.JMeterThread: Thread finished: Thread Group 1-98
2025-11-14 20:16:59,877 INFO o.a.j.t.JMeterThread: Thread started: Thread Group 1-99
2025-11-14 20:16:59,888 INFO o.a.j.t.JMeterThread: Thread is done: Thread Group 1-99
2025-11-14 20:16:59,888 INFO o.a.j.t.JMeterThread: Thread finished: Thread Group 1-99
2025-11-14 20:16:59,919 INFO o.a.j.t.JMeterThread: Thread started: Thread Group 1-100
2025-11-14 20:16:59,932 INFO o.a.j.t.JMeterThread: Thread is done: Thread Group 1-100
2025-11-14 20:16:59,932 INFO o.a.j.t.JMeterThread: Thread finished: Thread Group 1-100
2025-11-14 20:16:59,957 INFO o.a.j.t.JMeterThread: Thread started: Thread Group 1-101
2025-11-14 20:16:59,972 INFO o.a.j.t.JMeterThread: Thread is done: Thread Group 1-101
2025-11-14 20:16:59,972 INFO o.a.j.t.JMeterThread: Thread finished: Thread Group 1-101
2025-11-14 20:16:59,996 INFO o.a.j.t.JMeterThread: Thread started: Thread Group 1-102
2025-11-14 20:17:00,013 INFO o.a.j.r.Summariser: summary +    102 in 00:00:04 =   25.0/s Avg:    15 Min:     6 Max:    92 Err:     0 (0.00%) Active: 1 Started: 102 Finished: 101
2025-11-14 20:17:00,014 INFO o.a.j.t.JMeterThread: Thread is done: Thread Group 1-102
2025-11-14 20:17:00,015 INFO o.a.j.t.JMeterThread: Thread finished: Thread Group 1-102
2025-11-14 20:17:00,036 INFO o.a.j.t.JMeterThread: Thread started: Thread Group 1-103
2025-11-14 20:17:00,046 INFO o.a.j.t.JMeterThread: Thread is done: Thread Group 1-103
2025-11-14 20:17:00,046 INFO o.a.j.t.JMeterThread: Thread finished: Thread Group 1-103
2025-11-14 20:17:00,078 INFO o.a.j.t.JMeterThread: Thread started: Thread Group 1-104
2025-11-14 20:17:00,091 INFO o.a.j.t.JMeterThread: Thread is done: Thread Group 1-104
2025-11-14 20:17:00,092 INFO o.a.j.t.JMeterThread: Thread finished: Thread Group 1-104
2025-11-14 20:17:00,117 INFO o.a.j.t.JMeterThread: Thread started: Thread Group 1-105
2025-11-14 20:17:00,126 INFO o.a.j.t.JMeterThread: Thread is done: Thread Group 1-105
2025-11-14 20:17:00,126 INFO o.a.j.t.JMeterThread: Thread finished: Thread Group 1-105
2025-11-14 20:17:00,157 INFO o.a.j.t.JMeterThread: Thread started: Thread Group 1-106
2025-11-14 20:17:00,164 INFO o.a.j.t.JMeterThread: Thread is done: Thread Group 1-106
2025-11-14 20:17:00,164 INFO o.a.j.t.JMeterThread: Thread finished: Thread Group 1-106
2025-11-14 20:17:00,197 INFO o.a.j.t.JMeterThread: Thread started: Thread Group 1-107
2025-11-14 20:17:00,212 INFO o.a.j.t.JMeterThread: Thread is done: Thread Group 1-107
2025-11-14 20:17:00,212 INFO o.a.j.t.JMeterThread: Thread finished: Thread Group 1-107
2025-11-14 20:17:00,237 INFO o.a.j.t.JMeterThread: Thread started: Thread Group 1-108
2025-11-14 20:17:00,246 INFO o.a.j.t.JMeterThread: Thread is done: Thread Group 1-108
2025-11-14 20:17:00,246 INFO o.a.j.t.JMeterThread: Thread finished: Thread Group 1-108
2025-11-14 20:17:00,278 INFO o.a.j.t.JMeterThread: Thread started: Thread Group 1-109
2025-11-14 20:17:00,292 INFO o.a.j.t.JMeterThread: Thread is done: Thread Group 1-109
2025-11-14 20:17:00,292 INFO o.a.j.t.JMeterThread: Thread finished: Thread Group 1-109
2025-11-14 20:17:00,318 INFO o.a.j.t.JMeterThread: Thread started: Thread Group 1-110
2025-11-14 20:17:00,329 INFO o.a.j.t.JMeterThread: Thread is done: Thread Group 1-110
2025-11-14 20:17:00,329 INFO o.a.j.t.JMeterThread: Thread finished: Thread Group 1-110
2025-11-14 20:17:00,356 INFO o.a.j.t.JMeterThread: Thread started: Thread Group 1-111
2025-11-14 20:17:00,366 INFO o.a.j.t.JMeterThread: Thread is done: Thread Group 1-111
2025-11-14 20:17:00,366 INFO o.a.j.t.JMeterThread: Thread finished: Thread Group 1-111
2025-11-14 20:17:00,398 INFO o.a.j.t.JMeterThread: Thread started: Thread Group 1-112
2025-11-14 20:17:00,412 INFO o.a.j.t.JMeterThread: Thread is done: Thread Group 1-112
2025-11-14 20:17:00,412 INFO o.a.j.t.JMeterThread: Thread finished: Thread Group 1-112
2025-11-14 20:17:00,437 INFO o.a.j.t.JMeterThread: Thread started: Thread Group 1-113
2025-11-14 20:17:00,457 INFO o.a.j.t.JMeterThread: Thread is done: Thread Group 1-113
2025-11-14 20:17:00,457 INFO o.a.j.t.JMeterThread: Thread finished: Thread Group 1-113
2025-11-14 20:17:00,476 INFO o.a.j.t.JMeterThread: Thread started: Thread Group 1-114
2025-11-14 20:17:00,494 INFO o.a.j.t.JMeterThread: Thread is done: Thread Group 1-114
2025-11-14 20:17:00,494 INFO o.a.j.t.JMeterThread: Thread finished: Thread Group 1-114
2025-11-14 20:17:00,517 INFO o.a.j.t.JMeterThread: Thread started: Thread Group 1-115
2025-11-14 20:17:00,526 INFO o.a.j.t.JMeterThread: Thread is done: Thread Group 1-115
2025-11-14 20:17:00,526 INFO o.a.j.t.JMeterThread: Thread finished: Thread Group 1-115
2025-11-14 20:17:00,557 INFO o.a.j.t.JMeterThread: Thread started: Thread Group 1-116
2025-11-14 20:17:00,567 INFO o.a.j.t.JMeterThread: Thread is done: Thread Group 1-116
2025-11-14 20:17:00,567 INFO o.a.j.t.JMeterThread: Thread finished: Thread Group 1-116
2025-11-14 20:17:00,598 INFO o.a.j.t.JMeterThread: Thread started: Thread Group 1-117
2025-11-14 20:17:00,607 INFO o.a.j.t.JMeterThread: Thread is done: Thread Group 1-117
2025-11-14 20:17:00,607 INFO o.a.j.t.JMeterThread: Thread finished: Thread Group 1-117
2025-11-14 20:17:00,636 INFO o.a.j.t.JMeterThread: Thread started: Thread Group 1-118
2025-11-14 20:17:00,660 INFO o.a.j.t.JMeterThread: Thread is done: Thread Group 1-118
2025-11-14 20:17:00,660 INFO o.a.j.t.JMeterThread: Thread finished: Thread Group 1-118
2025-11-14 20:17:00,678 INFO o.a.j.t.JMeterThread: Thread started: Thread Group 1-119
2025-11-14 20:17:00,699 INFO o.a.j.t.JMeterThread: Thread is done: Thread Group 1-119
2025-11-14 20:17:00,699 INFO o.a.j.t.JMeterThread: Thread finished: Thread Group 1-119
2025-11-14 20:17:00,717 INFO o.a.j.t.JMeterThread: Thread started: Thread Group 1-120
2025-11-14 20:17:00,736 INFO o.a.j.t.JMeterThread: Thread is done: Thread Group 1-120
2025-11-14 20:17:00,736 INFO o.a.j.t.JMeterThread: Thread finished: Thread Group 1-120
2025-11-14 20:17:00,757 INFO o.a.j.t.JMeterThread: Thread started: Thread Group 1-121
2025-11-14 20:17:00,768 INFO o.a.j.t.JMeterThread: Thread is done: Thread Group 1-121
2025-11-14 20:17:00,768 INFO o.a.j.t.JMeterThread: Thread finished: Thread Group 1-121
2025-11-14 20:17:00,797 INFO o.a.j.t.JMeterThread: Thread started: Thread Group 1-122
2025-11-14 20:17:00,811 INFO o.a.j.t.JMeterThread: Thread is done: Thread Group 1-122
2025-11-14 20:17:00,811 INFO o.a.j.t.JMeterThread: Thread finished: Thread Group 1-122
2025-11-14 20:17:00,837 INFO o.a.j.t.JMeterThread: Thread started: Thread Group 1-123
2025-11-14 20:17:00,848 INFO o.a.j.t.JMeterThread: Thread is done: Thread Group 1-123
2025-11-14 20:17:00,848 INFO o.a.j.t.JMeterThread: Thread finished: Thread Group 1-123
2025-11-14 20:17:00,877 INFO o.a.j.t.JMeterThread: Thread started: Thread Group 1-124
2025-11-14 20:17:00,888 INFO o.a.j.t.JMeterThread: Thread is done: Thread Group 1-124
2025-11-14 20:17:00,888 INFO o.a.j.t.JMeterThread: Thread finished: Thread Group 1-124
2025-11-14 20:17:00,918 INFO o.a.j.t.JMeterThread: Thread started: Thread Group 1-125
2025-11-14 20:17:00,933 INFO o.a.j.t.JMeterThread: Thread is done: Thread Group 1-125
2025-11-14 20:17:00,933 INFO o.a.j.t.JMeterThread: Thread finished: Thread Group 1-125
2025-11-14 20:17:00,960 INFO o.a.j.t.JMeterThread: Thread started: Thread Group 1-126
2025-11-14 20:17:00,972 INFO o.a.j.t.JMeterThread: Thread is done: Thread Group 1-126
2025-11-14 20:17:00,972 INFO o.a.j.t.JMeterThread: Thread finished: Thread Group 1-126
2025-11-14 20:17:00,998 INFO o.a.j.t.JMeterThread: Thread started: Thread Group 1-127
2025-11-14 20:17:01,009 INFO o.a.j.t.JMeterThread: Thread is done: Thread Group 1-127
2025-11-14 20:17:01,009 INFO o.a.j.t.JMeterThread: Thread finished: Thread Group 1-127
2025-11-14 20:17:01,038 INFO o.a.j.t.JMeterThread: Thread started: Thread Group 1-128
2025-11-14 20:17:01,051 INFO o.a.j.t.JMeterThread: Thread is done: Thread Group 1-128
2025-11-14 20:17:01,052 INFO o.a.j.t.JMeterThread: Thread finished: Thread Group 1-128
2025-11-14 20:17:01,077 INFO o.a.j.t.JMeterThread: Thread started: Thread Group 1-129
2025-11-14 20:17:01,092 INFO o.a.j.t.JMeterThread: Thread is done: Thread Group 1-129
2025-11-14 20:17:01,092 INFO o.a.j.t.JMeterThread: Thread finished: Thread Group 1-129
2025-11-14 20:17:01,118 INFO o.a.j.t.JMeterThread: Thread started: Thread Group 1-130
2025-11-14 20:17:01,134 INFO o.a.j.t.JMeterThread: Thread is done: Thread Group 1-130
2025-11-14 20:17:01,134 INFO o.a.j.t.JMeterThread: Thread finished: Thread Group 1-130
2025-11-14 20:17:01,158 INFO o.a.j.t.JMeterThread: Thread started: Thread Group 1-131
2025-11-14 20:17:01,170 INFO o.a.j.t.JMeterThread: Thread is done: Thread Group 1-131
2025-11-14 20:17:01,170 INFO o.a.j.t.JMeterThread: Thread finished: Thread Group 1-131
2025-11-14 20:17:01,196 INFO o.a.j.t.JMeterThread: Thread started: Thread Group 1-132
2025-11-14 20:17:01,211 INFO o.a.j.t.JMeterThread: Thread is done: Thread Group 1-132
2025-11-14 20:17:01,211 INFO o.a.j.t.JMeterThread: Thread finished: Thread Group 1-132
2025-11-14 20:17:01,238 INFO o.a.j.t.JMeterThread: Thread started: Thread Group 1-133
2025-11-14 20:17:01,249 INFO o.a.j.t.JMeterThread: Thread is done: Thread Group 1-133
2025-11-14 20:17:01,249 INFO o.a.j.t.JMeterThread: Thread finished: Thread Group 1-133
2025-11-14 20:17:01,278 INFO o.a.j.t.JMeterThread: Thread started: Thread Group 1-134
2025-11-14 20:17:01,285 INFO o.a.j.t.JMeterThread: Thread is done: Thread Group 1-134
2025-11-14 20:17:01,285 INFO o.a.j.t.JMeterThread: Thread finished: Thread Group 1-134
2025-11-14 20:17:01,316 INFO o.a.j.t.JMeterThread: Thread started: Thread Group 1-135
2025-11-14 20:17:01,331 INFO o.a.j.t.JMeterThread: Thread is done: Thread Group 1-135
2025-11-14 20:17:01,331 INFO o.a.j.t.JMeterThread: Thread finished: Thread Group 1-135
2025-11-14 20:17:01,357 INFO o.a.j.t.JMeterThread: Thread started: Thread Group 1-136
2025-11-14 20:17:01,374 INFO o.a.j.t.JMeterThread: Thread is done: Thread Group 1-136
2025-11-14 20:17:01,374 INFO o.a.j.t.JMeterThread: Thread finished: Thread Group 1-136
2025-11-14 20:17:01,398 INFO o.a.j.t.JMeterThread: Thread started: Thread Group 1-137
2025-11-14 20:17:01,416 INFO o.a.j.t.JMeterThread: Thread is done: Thread Group 1-137
2025-11-14 20:17:01,416 INFO o.a.j.t.JMeterThread: Thread finished: Thread Group 1-137
2025-11-14 20:17:01,437 INFO o.a.j.t.JMeterThread: Thread started: Thread Group 1-138
2025-11-14 20:17:01,449 INFO o.a.j.t.JMeterThread: Thread is done: Thread Group 1-138
2025-11-14 20:17:01,450 INFO o.a.j.t.JMeterThread: Thread finished: Thread Group 1-138
2025-11-14 20:17:01,478 INFO o.a.j.t.JMeterThread: Thread started: Thread Group 1-139
2025-11-14 20:17:01,495 INFO o.a.j.t.JMeterThread: Thread is done: Thread Group 1-139
2025-11-14 20:17:01,495 INFO o.a.j.t.JMeterThread: Thread finished: Thread Group 1-139
2025-11-14 20:17:01,517 INFO o.a.j.t.JMeterThread: Thread started: Thread Group 1-140
2025-11-14 20:17:01,539 INFO o.a.j.t.JMeterThread: Thread is done: Thread Group 1-140
2025-11-14 20:17:01,539 INFO o.a.j.t.JMeterThread: Thread finished: Thread Group 1-140
2025-11-14 20:17:01,557 INFO o.a.j.t.JMeterThread: Thread started: Thread Group 1-141
2025-11-14 20:17:01,580 INFO o.a.j.t.JMeterThread: Thread is done: Thread Group 1-141
2025-11-14 20:17:01,580 INFO o.a.j.t.JMeterThread: Thread finished: Thread Group 1-141
2025-11-14 20:17:01,597 INFO o.a.j.t.JMeterThread: Thread started: Thread Group 1-142
2025-11-14 20:17:01,609 INFO o.a.j.t.JMeterThread: Thread is done: Thread Group 1-142
2025-11-14 20:17:01,609 INFO o.a.j.t.JMeterThread: Thread finished: Thread Group 1-142
2025-11-14 20:17:01,638 INFO o.a.j.t.JMeterThread: Thread started: Thread Group 1-143
2025-11-14 20:17:01,650 INFO o.a.j.t.JMeterThread: Thread is done: Thread Group 1-143
2025-11-14 20:17:01,650 INFO o.a.j.t.JMeterThread: Thread finished: Thread Group 1-143
2025-11-14 20:17:01,678 INFO o.a.j.t.JMeterThread: Thread started: Thread Group 1-144
2025-11-14 20:17:01,692 INFO o.a.j.t.JMeterThread: Thread is done: Thread Group 1-144
2025-11-14 20:17:01,692 INFO o.a.j.t.JMeterThread: Thread finished: Thread Group 1-144
2025-11-14 20:17:01,718 INFO o.a.j.t.JMeterThread: Thread started: Thread Group 1-145
2025-11-14 20:17:01,732 INFO o.a.j.t.JMeterThread: Thread is done: Thread Group 1-145
2025-11-14 20:17:01,732 INFO o.a.j.t.JMeterThread: Thread finished: Thread Group 1-145
2025-11-14 20:17:01,758 INFO o.a.j.t.JMeterThread: Thread started: Thread Group 1-146
2025-11-14 20:17:01,772 INFO o.a.j.t.JMeterThread: Thread is done: Thread Group 1-146
2025-11-14 20:17:01,772 INFO o.a.j.t.JMeterThread: Thread finished: Thread Group 1-146
2025-11-14 20:17:01,797 INFO o.a.j.t.JMeterThread: Thread started: Thread Group 1-147
2025-11-14 20:17:01,813 INFO o.a.j.t.JMeterThread: Thread is done: Thread Group 1-147
2025-11-14 20:17:01,813 INFO o.a.j.t.JMeterThread: Thread finished: Thread Group 1-147
2025-11-14 20:17:01,839 INFO o.a.j.t.JMeterThread: Thread started: Thread Group 1-148
2025-11-14 20:17:01,852 INFO o.a.j.t.JMeterThread: Thread is done: Thread Group 1-148
2025-11-14 20:17:01,852 INFO o.a.j.t.JMeterThread: Thread finished: Thread Group 1-148
2025-11-14 20:17:01,878 INFO o.a.j.t.JMeterThread: Thread started: Thread Group 1-149
2025-11-14 20:17:01,891 INFO o.a.j.t.JMeterThread: Thread is done: Thread Group 1-149
2025-11-14 20:17:01,892 INFO o.a.j.t.JMeterThread: Thread finished: Thread Group 1-149
2025-11-14 20:17:01,916 INFO o.a.j.t.JMeterThread: Thread started: Thread Group 1-150
2025-11-14 20:17:01,935 INFO o.a.j.t.JMeterThread: Thread is done: Thread Group 1-150
2025-11-14 20:17:01,935 INFO o.a.j.t.JMeterThread: Thread finished: Thread Group 1-150
2025-11-14 20:17:01,958 INFO o.a.j.t.JMeterThread: Thread started: Thread Group 1-151
2025-11-14 20:17:01,969 INFO o.a.j.t.JMeterThread: Thread is done: Thread Group 1-151
2025-11-14 20:17:01,969 INFO o.a.j.t.JMeterThread: Thread finished: Thread Group 1-151
2025-11-14 20:17:01,996 INFO o.a.j.t.JMeterThread: Thread started: Thread Group 1-152
2025-11-14 20:17:02,012 INFO o.a.j.t.JMeterThread: Thread is done: Thread Group 1-152
2025-11-14 20:17:02,012 INFO o.a.j.t.JMeterThread: Thread finished: Thread Group 1-152
2025-11-14 20:17:02,038 INFO o.a.j.t.JMeterThread: Thread started: Thread Group 1-153
2025-11-14 20:17:02,053 INFO o.a.j.t.JMeterThread: Thread is done: Thread Group 1-153
2025-11-14 20:17:02,053 INFO o.a.j.t.JMeterThread: Thread finished: Thread Group 1-153
2025-11-14 20:17:02,077 INFO o.a.j.t.JMeterThread: Thread started: Thread Group 1-154
2025-11-14 20:17:02,093 INFO o.a.j.t.JMeterThread: Thread is done: Thread Group 1-154
2025-11-14 20:17:02,093 INFO o.a.j.t.JMeterThread: Thread finished: Thread Group 1-154
2025-11-14 20:17:02,117 INFO o.a.j.t.JMeterThread: Thread started: Thread Group 1-155
2025-11-14 20:17:02,133 INFO o.a.j.t.JMeterThread: Thread is done: Thread Group 1-155
2025-11-14 20:17:02,133 INFO o.a.j.t.JMeterThread: Thread finished: Thread Group 1-155
2025-11-14 20:17:02,159 INFO o.a.j.t.JMeterThread: Thread started: Thread Group 1-156
2025-11-14 20:17:02,175 INFO o.a.j.t.JMeterThread: Thread is done: Thread Group 1-156
2025-11-14 20:17:02,175 INFO o.a.j.t.JMeterThread: Thread finished: Thread Group 1-156
2025-11-14 20:17:02,197 INFO o.a.j.t.JMeterThread: Thread started: Thread Group 1-157
2025-11-14 20:17:02,223 INFO o.a.j.t.JMeterThread: Thread is done: Thread Group 1-157
2025-11-14 20:17:02,223 INFO o.a.j.t.JMeterThread: Thread finished: Thread Group 1-157
2025-11-14 20:17:02,237 INFO o.a.j.t.JMeterThread: Thread started: Thread Group 1-158
2025-11-14 20:17:02,252 INFO o.a.j.t.JMeterThread: Thread is done: Thread Group 1-158
2025-11-14 20:17:02,252 INFO o.a.j.t.JMeterThread: Thread finished: Thread Group 1-158
2025-11-14 20:17:02,278 INFO o.a.j.t.JMeterThread: Thread started: Thread Group 1-159
2025-11-14 20:17:02,285 INFO o.a.j.t.JMeterThread: Thread is done: Thread Group 1-159
2025-11-14 20:17:02,285 INFO o.a.j.t.JMeterThread: Thread finished: Thread Group 1-159
2025-11-14 20:17:02,318 INFO o.a.j.t.JMeterThread: Thread started: Thread Group 1-160
2025-11-14 20:17:02,330 INFO o.a.j.t.JMeterThread: Thread is done: Thread Group 1-160
2025-11-14 20:17:02,331 INFO o.a.j.t.JMeterThread: Thread finished: Thread Group 1-160
2025-11-14 20:17:02,358 INFO o.a.j.t.JMeterThread: Thread started: Thread Group 1-161
2025-11-14 20:17:02,372 INFO o.a.j.t.JMeterThread: Thread is done: Thread Group 1-161
2025-11-14 20:17:02,372 INFO o.a.j.t.JMeterThread: Thread finished: Thread Group 1-161
2025-11-14 20:17:02,397 INFO o.a.j.t.JMeterThread: Thread started: Thread Group 1-162
2025-11-14 20:17:02,411 INFO o.a.j.t.JMeterThread: Thread is done: Thread Group 1-162
2025-11-14 20:17:02,411 INFO o.a.j.t.JMeterThread: Thread finished: Thread Group 1-162
2025-11-14 20:17:02,438 INFO o.a.j.t.JMeterThread: Thread started: Thread Group 1-163
2025-11-14 20:17:02,451 INFO o.a.j.t.JMeterThread: Thread is done: Thread Group 1-163
2025-11-14 20:17:02,451 INFO o.a.j.t.JMeterThread: Thread finished: Thread Group 1-163
2025-11-14 20:17:02,478 INFO o.a.j.t.JMeterThread: Thread started: Thread Group 1-164
2025-11-14 20:17:02,488 INFO o.a.j.t.JMeterThread: Thread is done: Thread Group 1-164
2025-11-14 20:17:02,489 INFO o.a.j.t.JMeterThread: Thread finished: Thread Group 1-164
2025-11-14 20:17:02,518 INFO o.a.j.t.JMeterThread: Thread started: Thread Group 1-165
2025-11-14 20:17:02,533 INFO o.a.j.t.JMeterThread: Thread is done: Thread Group 1-165
2025-11-14 20:17:02,534 INFO o.a.j.t.JMeterThread: Thread finished: Thread Group 1-165
2025-11-14 20:17:02,559 INFO o.a.j.t.JMeterThread: Thread started: Thread Group 1-166
2025-11-14 20:17:02,569 INFO o.a.j.t.JMeterThread: Thread is done: Thread Group 1-166
2025-11-14 20:17:02,569 INFO o.a.j.t.JMeterThread: Thread finished: Thread Group 1-166
2025-11-14 20:17:02,597 INFO o.a.j.t.JMeterThread: Thread started: Thread Group 1-167
2025-11-14 20:17:02,609 INFO o.a.j.t.JMeterThread: Thread is done: Thread Group 1-167
2025-11-14 20:17:02,609 INFO o.a.j.t.JMeterThread: Thread finished: Thread Group 1-167
2025-11-14 20:17:02,637 INFO o.a.j.t.JMeterThread: Thread started: Thread Group 1-168
2025-11-14 20:17:02,649 INFO o.a.j.t.JMeterThread: Thread is done: Thread Group 1-168
2025-11-14 20:17:02,649 INFO o.a.j.t.JMeterThread: Thread finished: Thread Group 1-168
2025-11-14 20:17:02,677 INFO o.a.j.t.JMeterThread: Thread started: Thread Group 1-169
2025-11-14 20:17:02,689 INFO o.a.j.t.JMeterThread: Thread is done: Thread Group 1-169
2025-11-14 20:17:02,689 INFO o.a.j.t.JMeterThread: Thread finished: Thread Group 1-169
2025-11-14 20:17:02,718 INFO o.a.j.t.JMeterThread: Thread started: Thread Group 1-170
2025-11-14 20:17:02,732 INFO o.a.j.t.JMeterThread: Thread is done: Thread Group 1-170
2025-11-14 20:17:02,732 INFO o.a.j.t.JMeterThread: Thread finished: Thread Group 1-170
2025-11-14 20:17:02,756 INFO o.a.j.t.JMeterThread: Thread started: Thread Group 1-171
2025-11-14 20:17:02,770 INFO o.a.j.t.JMeterThread: Thread is done: Thread Group 1-171
2025-11-14 20:17:02,771 INFO o.a.j.t.JMeterThread: Thread finished: Thread Group 1-171
2025-11-14 20:17:02,798 INFO o.a.j.t.JMeterThread: Thread started: Thread Group 1-172
2025-11-14 20:17:02,811 INFO o.a.j.t.JMeterThread: Thread is done: Thread Group 1-172
2025-11-14 20:17:02,811 INFO o.a.j.t.JMeterThread: Thread finished: Thread Group 1-172
2025-11-14 20:17:02,837 INFO o.a.j.t.JMeterThread: Thread started: Thread Group 1-173
2025-11-14 20:17:02,851 INFO o.a.j.t.JMeterThread: Thread is done: Thread Group 1-173
2025-11-14 20:17:02,851 INFO o.a.j.t.JMeterThread: Thread finished: Thread Group 1-173
2025-11-14 20:17:02,877 INFO o.a.j.t.JMeterThread: Thread started: Thread Group 1-174
2025-11-14 20:17:02,888 INFO o.a.j.t.JMeterThread: Thread is done: Thread Group 1-174
2025-11-14 20:17:02,888 INFO o.a.j.t.JMeterThread: Thread finished: Thread Group 1-174
2025-11-14 20:17:02,918 INFO o.a.j.t.JMeterThread: Thread started: Thread Group 1-175
2025-11-14 20:17:02,932 INFO o.a.j.t.JMeterThread: Thread is done: Thread Group 1-175
2025-11-14 20:17:02,932 INFO o.a.j.t.JMeterThread: Thread finished: Thread Group 1-175
2025-11-14 20:17:02,958 INFO o.a.j.t.JMeterThread: Thread started: Thread Group 1-176
2025-11-14 20:17:02,970 INFO o.a.j.t.JMeterThread: Thread is done: Thread Group 1-176
2025-11-14 20:17:02,970 INFO o.a.j.t.JMeterThread: Thread finished: Thread Group 1-176
2025-11-14 20:17:02,997 INFO o.a.j.t.JMeterThread: Thread started: Thread Group 1-177
2025-11-14 20:17:03,011 INFO o.a.j.t.JMeterThread: Thread is done: Thread Group 1-177
2025-11-14 20:17:03,011 INFO o.a.j.t.JMeterThread: Thread finished: Thread Group 1-177
2025-11-14 20:17:03,038 INFO o.a.j.t.JMeterThread: Thread started: Thread Group 1-178
2025-11-14 20:17:03,050 INFO o.a.j.t.JMeterThread: Thread is done: Thread Group 1-178
2025-11-14 20:17:03,050 INFO o.a.j.t.JMeterThread: Thread finished: Thread Group 1-178
2025-11-14 20:17:03,077 INFO o.a.j.t.JMeterThread: Thread started: Thread Group 1-179
2025-11-14 20:17:03,087 INFO o.a.j.t.JMeterThread: Thread is done: Thread Group 1-179
2025-11-14 20:17:03,087 INFO o.a.j.t.JMeterThread: Thread finished: Thread Group 1-179
2025-11-14 20:17:03,117 INFO o.a.j.t.JMeterThread: Thread started: Thread Group 1-180
2025-11-14 20:17:03,127 INFO o.a.j.t.JMeterThread: Thread is done: Thread Group 1-180
2025-11-14 20:17:03,127 INFO o.a.j.t.JMeterThread: Thread finished: Thread Group 1-180
2025-11-14 20:17:03,157 INFO o.a.j.t.JMeterThread: Thread started: Thread Group 1-181
2025-11-14 20:17:03,173 INFO o.a.j.t.JMeterThread: Thread is done: Thread Group 1-181
2025-11-14 20:17:03,173 INFO o.a.j.t.JMeterThread: Thread finished: Thread Group 1-181
2025-11-14 20:17:03,197 INFO o.a.j.t.JMeterThread: Thread started: Thread Group 1-182
2025-11-14 20:17:03,208 INFO o.a.j.t.JMeterThread: Thread is done: Thread Group 1-182
2025-11-14 20:17:03,209 INFO o.a.j.t.JMeterThread: Thread finished: Thread Group 1-182
2025-11-14 20:17:03,236 INFO o.a.j.t.JMeterThread: Thread started: Thread Group 1-183
2025-11-14 20:17:03,254 INFO o.a.j.t.JMeterThread: Thread is done: Thread Group 1-183
2025-11-14 20:17:03,254 INFO o.a.j.t.JMeterThread: Thread finished: Thread Group 1-183
2025-11-14 20:17:03,277 INFO o.a.j.t.JMeterThread: Thread started: Thread Group 1-184
2025-11-14 20:17:03,287 INFO o.a.j.t.JMeterThread: Thread is done: Thread Group 1-184
2025-11-14 20:17:03,287 INFO o.a.j.t.JMeterThread: Thread finished: Thread Group 1-184
2025-11-14 20:17:03,317 INFO o.a.j.t.JMeterThread: Thread started: Thread Group 1-185
2025-11-14 20:17:03,330 INFO o.a.j.t.JMeterThread: Thread is done: Thread Group 1-185
2025-11-14 20:17:03,330 INFO o.a.j.t.JMeterThread: Thread finished: Thread Group 1-185
2025-11-14 20:17:03,357 INFO o.a.j.t.JMeterThread: Thread started: Thread Group 1-186
2025-11-14 20:17:03,369 INFO o.a.j.t.JMeterThread: Thread is done: Thread Group 1-186
2025-11-14 20:17:03,369 INFO o.a.j.t.JMeterThread: Thread finished: Thread Group 1-186
2025-11-14 20:17:03,399 INFO o.a.j.t.JMeterThread: Thread started: Thread Group 1-187
2025-11-14 20:17:03,412 INFO o.a.j.t.JMeterThread: Thread is done: Thread Group 1-187
2025-11-14 20:17:03,413 INFO o.a.j.t.JMeterThread: Thread finished: Thread Group 1-187
2025-11-14 20:17:03,438 INFO o.a.j.t.JMeterThread: Thread started: Thread Group 1-188
2025-11-14 20:17:03,451 INFO o.a.j.t.JMeterThread: Thread is done: Thread Group 1-188
2025-11-14 20:17:03,451 INFO o.a.j.t.JMeterThread: Thread finished: Thread Group 1-188
2025-11-14 20:17:03,477 INFO o.a.j.t.JMeterThread: Thread started: Thread Group 1-189
2025-11-14 20:17:03,486 INFO o.a.j.t.JMeterThread: Thread is done: Thread Group 1-189
2025-11-14 20:17:03,486 INFO o.a.j.t.JMeterThread: Thread finished: Thread Group 1-189
2025-11-14 20:17:03,518 INFO o.a.j.t.JMeterThread: Thread started: Thread Group 1-190
2025-11-14 20:17:03,533 INFO o.a.j.t.JMeterThread: Thread is done: Thread Group 1-190
2025-11-14 20:17:03,533 INFO o.a.j.t.JMeterThread: Thread finished: Thread Group 1-190
2025-11-14 20:17:03,557 INFO o.a.j.t.JMeterThread: Thread started: Thread Group 1-191
2025-11-14 20:17:03,572 INFO o.a.j.t.JMeterThread: Thread is done: Thread Group 1-191
2025-11-14 20:17:03,572 INFO o.a.j.t.JMeterThread: Thread finished: Thread Group 1-191
2025-11-14 20:17:03,598 INFO o.a.j.t.JMeterThread: Thread started: Thread Group 1-192
2025-11-14 20:17:03,611 INFO o.a.j.t.JMeterThread: Thread is done: Thread Group 1-192
2025-11-14 20:17:03,611 INFO o.a.j.t.JMeterThread: Thread finished: Thread Group 1-192
2025-11-14 20:17:03,636 INFO o.a.j.t.JMeterThread: Thread started: Thread Group 1-193
2025-11-14 20:17:03,645 INFO o.a.j.t.JMeterThread: Thread is done: Thread Group 1-193
2025-11-14 20:17:03,645 INFO o.a.j.t.JMeterThread: Thread finished: Thread Group 1-193
2025-11-14 20:17:03,677 INFO o.a.j.t.JMeterThread: Thread started: Thread Group 1-194
2025-11-14 20:17:03,689 INFO o.a.j.t.JMeterThread: Thread is done: Thread Group 1-194
2025-11-14 20:17:03,689 INFO o.a.j.t.JMeterThread: Thread finished: Thread Group 1-194
2025-11-14 20:17:03,717 INFO o.a.j.t.JMeterThread: Thread started: Thread Group 1-195
2025-11-14 20:17:03,726 INFO o.a.j.t.JMeterThread: Thread is done: Thread Group 1-195
2025-11-14 20:17:03,726 INFO o.a.j.t.JMeterThread: Thread finished: Thread Group 1-195
2025-11-14 20:17:03,757 INFO o.a.j.t.JMeterThread: Thread started: Thread Group 1-196
2025-11-14 20:17:03,775 INFO o.a.j.t.JMeterThread: Thread is done: Thread Group 1-196
2025-11-14 20:17:03,775 INFO o.a.j.t.JMeterThread: Thread finished: Thread Group 1-196
2025-11-14 20:17:03,796 INFO o.a.j.t.JMeterThread: Thread started: Thread Group 1-197
2025-11-14 20:17:03,818 INFO o.a.j.t.JMeterThread: Thread is done: Thread Group 1-197
2025-11-14 20:17:03,818 INFO o.a.j.t.JMeterThread: Thread finished: Thread Group 1-197
2025-11-14 20:17:03,837 INFO o.a.j.t.JMeterThread: Thread started: Thread Group 1-198
2025-11-14 20:17:03,845 INFO o.a.j.t.JMeterThread: Thread is done: Thread Group 1-198
2025-11-14 20:17:03,845 INFO o.a.j.t.JMeterThread: Thread finished: Thread Group 1-198
2025-11-14 20:17:03,877 INFO o.a.j.t.JMeterThread: Thread started: Thread Group 1-199
2025-11-14 20:17:03,890 INFO o.a.j.t.JMeterThread: Thread is done: Thread Group 1-199
2025-11-14 20:17:03,890 INFO o.a.j.t.JMeterThread: Thread finished: Thread Group 1-199
2025-11-14 20:17:03,920 INFO o.a.j.t.JMeterThread: Thread started: Thread Group 1-200
2025-11-14 20:17:03,932 INFO o.a.j.t.JMeterThread: Thread is done: Thread Group 1-200
2025-11-14 20:17:03,932 INFO o.a.j.t.JMeterThread: Thread finished: Thread Group 1-200
2025-11-14 20:17:03,933 INFO o.a.j.e.StandardJMeterEngine: Notifying test listeners of end of test
2025-11-14 20:17:03,933 INFO o.a.j.r.Summariser: summary +     98 in 00:00:04 =   25.0/s Avg:    11 Min:     6 Max:    23 Err:     0 (0.00%) Active: 0 Started: 200 Finished: 200
2025-11-14 20:17:03,934 INFO o.a.j.r.Summariser: summary =    200 in 00:00:08 =   25.0/s Avg:    13 Min:     6 Max:    92 Err:     0 (0.00%)
2025-11-14 20:17:03,935 INFO o.a.j.JMeter: Generating Dashboard
2025-11-14 20:17:03,935 INFO o.a.j.r.d.ReportGenerator: Flushing result collector before report Generation
2025-11-14 20:17:03,950 INFO o.a.j.r.p.NormalizerSampleConsumer: Using format, 'ms', to parse timeStamp field
2025-11-14 20:17:04,041 INFO o.a.j.r.p.AbstractSampleConsumer: class org.apache.jmeter.report.processor.AggregateConsumer#stopProducing(): beginDate produced 0 samples
2025-11-14 20:17:04,041 INFO o.a.j.r.p.AbstractSampleConsumer: class org.apache.jmeter.report.processor.AggregateConsumer#stopProducing(): endDate produced 0 samples
2025-11-14 20:17:04,045 INFO o.a.j.r.p.AbstractSampleConsumer: class org.apache.jmeter.report.processor.ApdexSummaryConsumer#stopProducing(): apdexSummary produced 0 samples
2025-11-14 20:17:04,045 INFO o.a.j.r.p.AbstractSampleConsumer: class org.apache.jmeter.report.processor.RequestsSummaryConsumer#stopProducing(): requestsSummary produced 0 samples
2025-11-14 20:17:04,050 INFO o.a.j.r.p.AbstractSampleConsumer: class org.apache.jmeter.report.processor.StatisticsSummaryConsumer#stopProducing(): statisticsSummary produced 0 samples
2025-11-14 20:17:04,052 INFO o.a.j.r.p.AbstractSampleConsumer: class org.apache.jmeter.report.processor.Top5ErrorsBySamplerConsumer#stopProducing(): top5ErrorsBySampler produced 0 samples
2025-11-14 20:17:04,052 INFO o.a.j.r.p.AbstractSampleConsumer: class org.apache.jmeter.report.processor.ErrorsSummaryConsumer#stopProducing(): errorsSummary produced 0 samples
2025-11-14 20:17:04,052 INFO o.a.j.r.p.AbstractSampleConsumer: class org.apache.jmeter.report.processor.graph.impl.HitsPerSecondGraphConsumer#stopProducing(): hitsPerSecond produced 0 samples
2025-11-14 20:17:04,076 INFO o.a.j.r.p.AbstractSampleConsumer: class org.apache.jmeter.report.processor.graph.impl.LatencyVSRequestGraphConsumer#stopProducing(): latencyVsRequest produced 0 samples
2025-11-14 20:17:04,077 INFO o.a.j.r.p.AbstractSampleConsumer: class org.apache.jmeter.report.processor.graph.impl.SyntheticResponseTimeDistributionGraphConsumer#stopProducing(): syntheticResponseTimeDistribution produced 0 samples
2025-11-14 20:17:04,077 INFO o.a.j.r.p.AbstractSampleConsumer: class org.apache.jmeter.report.processor.graph.impl.BytesThroughputGraphConsumer#stopProducing(): bytesThroughputOverTime produced 0 samples
2025-11-14 20:17:04,077 INFO o.a.j.r.p.AbstractSampleConsumer: class org.apache.jmeter.report.processor.graph.impl.CodesPerSecondGraphConsumer#stopProducing(): codesPerSecond produced 0 samples
2025-11-14 20:17:04,085 INFO o.a.j.r.p.AbstractSampleConsumer: class org.apache.jmeter.report.processor.graph.impl.ResponseTimeVSRequestGraphConsumer#stopProducing(): responseTimeVsRequest produced 0 samples
2025-11-14 20:17:04,085 INFO o.a.j.r.p.AbstractSampleConsumer: class org.apache.jmeter.report.processor.FilterConsumer#stopProducing(): startIntervalControlerFilter produced 1400 samples
2025-11-14 20:17:04,086 INFO o.a.j.r.p.AbstractSampleConsumer: class org.apache.jmeter.report.processor.graph.impl.TotalTPSGraphConsumer#stopProducing(): totalTPS produced 0 samples
2025-11-14 20:17:04,086 INFO o.a.j.r.p.AbstractSampleConsumer: class org.apache.jmeter.report.processor.graph.impl.ActiveThreadsGraphConsumer#stopProducing(): activeThreadsOverTime produced 0 samples
2025-11-14 20:17:04,086 INFO o.a.j.r.p.AbstractSampleConsumer: class org.apache.jmeter.report.processor.graph.impl.TimeVSThreadGraphConsumer#stopProducing(): timeVsThreads produced 0 samples
2025-11-14 20:17:04,086 INFO o.a.j.r.p.AbstractSampleConsumer: class org.apache.jmeter.report.processor.graph.impl.ResponseTimeDistributionGraphConsumer#stopProducing(): responseTimeDistribution produced 0 samples
2025-11-14 20:17:04,086 INFO o.a.j.r.p.AbstractSampleConsumer: class org.apache.jmeter.report.processor.graph.impl.TransactionsPerSecondGraphConsumer#stopProducing(): transactionsPerSecond produced 0 samples
2025-11-14 20:17:04,086 INFO o.a.j.r.p.AbstractSampleConsumer: class org.apache.jmeter.report.processor.graph.impl.ResponseTimePercentilesGraphConsumer#stopProducing(): responseTimePercentiles produced 0 samples
2025-11-14 20:17:04,087 INFO o.a.j.r.p.AbstractSampleConsumer: class org.apache.jmeter.report.processor.graph.impl.ResponseTimePercentilesOverTimeGraphConsumer#stopProducing(): responseTimePercentilesOverTime produced 0 samples
2025-11-14 20:17:04,087 INFO o.a.j.r.p.AbstractSampleConsumer: class org.apache.jmeter.report.processor.graph.impl.ResponseTimeOverTimeGraphConsumer#stopProducing(): responseTimesOverTime produced 0 samples
2025-11-14 20:17:04,087 INFO o.a.j.r.p.AbstractSampleConsumer: class org.apache.jmeter.report.processor.graph.impl.ConnectTimeOverTimeGraphConsumer#stopProducing(): connectTimeOverTime produced 0 samples
2025-11-14 20:17:04,087 INFO o.a.j.r.p.AbstractSampleConsumer: class org.apache.jmeter.report.processor.graph.impl.LatencyOverTimeGraphConsumer#stopProducing(): latenciesOverTime produced 0 samples
2025-11-14 20:17:04,087 INFO o.a.j.r.p.AbstractSampleConsumer: class org.apache.jmeter.report.processor.FilterConsumer#stopProducing(): nameFilter produced 3000 samples
2025-11-14 20:17:04,087 INFO o.a.j.r.p.AbstractSampleConsumer: class org.apache.jmeter.report.processor.FilterConsumer#stopProducing(): dateRangeFilter produced 600 samples
2025-11-14 20:17:04,087 INFO o.a.j.r.p.AbstractSampleConsumer: class org.apache.jmeter.report.processor.NormalizerSampleConsumer#stopProducing(): normalizer produced 200 samples
2025-11-14 20:17:04,088 INFO o.a.j.r.p.CsvFileSampleSource: produce(): 200 samples produced in 115ms on channel 0
2025-11-14 20:17:04,088 INFO o.a.j.r.d.ReportGenerator: Exporting data using exporter:'json' of className:'org.apache.jmeter.report.dashboard.JsonExporter'
2025-11-14 20:17:04,179 INFO o.a.j.r.d.JsonExporter: Found data for consumer statisticsSummaryin context
2025-11-14 20:17:04,179 INFO o.a.j.r.d.JsonExporter: Creating statistics for overall
2025-11-14 20:17:04,179 INFO o.a.j.r.d.JsonExporter: Creating statistics for other transactions
2025-11-14 20:17:04,179 INFO o.a.j.r.d.JsonExporter: Checking output folder
2025-11-14 20:17:04,180 INFO o.a.j.r.d.JsonExporter: Writing statistics JSON to C:\Users\Administrador\Documents\teste-software-univas\backend\tests\jmeter\reports\tasks\statistics.json
2025-11-14 20:17:04,225 INFO o.a.j.r.d.ReportGenerator: Exporting data using exporter:'html' of className:'org.apache.jmeter.report.dashboard.HtmlTemplateExporter'
2025-11-14 20:17:04,229 INFO o.a.j.r.d.HtmlTemplateExporter: Will generate dashboard in folder: C:\Users\Administrador\Documents\teste-software-univas\backend\tests\jmeter\reports\tasks
2025-11-14 20:17:04,327 INFO o.a.j.r.d.HtmlTemplateExporter: Report will be generated in: C:\Users\Administrador\Documents\teste-software-univas\backend\tests\jmeter\reports\tasks, creating folder structure
2025-11-14 20:17:04,330 INFO o.a.j.r.d.TemplateVisitor: Copying folder from 'C:\Tools\apache-jmeter-5.6.3\bin\report-template' to 'C:\Users\Administrador\Documents\teste-software-univas\backend\tests\jmeter\reports\tasks', got message: C:\Users\Administrador\Documents\teste-software-univas\backend\tests\jmeter\reports\tasks, found non empty folder with following content [C:\Users\Administrador\Documents\teste-software-univas\backend\tests\jmeter\reports\tasks\statistics.json], will be ignored
2025-11-14 20:17:04,820 INFO o.a.j.JMeter: Dashboard generated
